生成启动时间为 2019/9/7 8:26:08。
     1>项目“D:\Tobby Lau\Desktop\ATM\AMD\AMD\AMD.vcxproj”在节点 2 上(Build 个目标)。
     1>C:\Program Files (x86)\MSBuild\Microsoft.Cpp\v4.0\V120\Microsoft.CppBuild.targets(388,5): warning MSB8028: The intermediate directory (Debug\) contains files shared from another project (AMD.vcxproj).  This can lead to incorrect clean and rebuild behavior.
     1>ClCompile:
         C:\Program Files (x86)\Microsoft Visual Studio 12.0\VC\bin\CL.exe /c /I"D:\web\mysql-5.5.56-win32\include" /ZI /nologo /W3 /WX- /sdl /Od /Oy- /D WIN32 /D _WINDOWS /D _DEBUG /D _UNICODE /D UNICODE /D _AFXDLL /Gm /EHsc /RTC1 /MDd /GS /fp:precise /Zc:wchar_t /Zc:forScope /Yu"stdafx.h" /Fp"Debug\ATM.pch" /Fo"Debug\\" /Fd"Debug\vc120.pdb" /Gd /TP /analyze- /errorReport:prompt AMDDlg.cpp Change_p.cpp Look_up.cpp Save_money.cpp Transfer_m.cpp WithDraw.cpp
         WithDraw.cpp
     1>d:\tobby lau\desktop\atm\amd\amd\resource.h(32): warning C4005: “IDCANCEL”: 宏重定义
                 c:\program files (x86)\windows kits\8.1\include\um\winuser.h(10563) : 参见“IDCANCEL”的前一个定义
     1>d:\tobby lau\desktop\atm\amd\amd\withdraw.cpp(53): warning C4101: “mysql”: 未引用的局部变量
     1>d:\tobby lau\desktop\atm\amd\amd\withdraw.cpp(53): warning C4101: “sock”: 未引用的局部变量
         Transfer_m.cpp
     1>d:\tobby lau\desktop\atm\amd\amd\resource.h(32): warning C4005: “IDCANCEL”: 宏重定义
                 c:\program files (x86)\windows kits\8.1\include\um\winuser.h(10563) : 参见“IDCANCEL”的前一个定义
     1>d:\tobby lau\desktop\atm\amd\amd\transfer_m.cpp(58): warning C4101: “mysql”: 未引用的局部变量
     1>d:\tobby lau\desktop\atm\amd\amd\transfer_m.cpp(58): warning C4101: “sock”: 未引用的局部变量
         Save_money.cpp
     1>d:\tobby lau\desktop\atm\amd\amd\resource.h(32): warning C4005: “IDCANCEL”: 宏重定义
                 c:\program files (x86)\windows kits\8.1\include\um\winuser.h(10563) : 参见“IDCANCEL”的前一个定义
     1>d:\tobby lau\desktop\atm\amd\amd\save_money.cpp(53): warning C4101: “mysql”: 未引用的局部变量
     1>d:\tobby lau\desktop\atm\amd\amd\save_money.cpp(53): warning C4101: “sock”: 未引用的局部变量
         Look_up.cpp
     1>d:\tobby lau\desktop\atm\amd\amd\resource.h(32): warning C4005: “IDCANCEL”: 宏重定义
                 c:\program files (x86)\windows kits\8.1\include\um\winuser.h(10563) : 参见“IDCANCEL”的前一个定义
     1>d:\tobby lau\desktop\atm\amd\amd\look_up.cpp(51): warning C4101: “mysql”: 未引用的局部变量
     1>d:\tobby lau\desktop\atm\amd\amd\look_up.cpp(51): warning C4101: “sock”: 未引用的局部变量
         Change_p.cpp
     1>d:\tobby lau\desktop\atm\amd\amd\resource.h(32): warning C4005: “IDCANCEL”: 宏重定义
                 c:\program files (x86)\windows kits\8.1\include\um\winuser.h(10563) : 参见“IDCANCEL”的前一个定义
     1>d:\tobby lau\desktop\atm\amd\amd\change_p.cpp(58): warning C4101: “mysql”: 未引用的局部变量
     1>d:\tobby lau\desktop\atm\amd\amd\change_p.cpp(58): warning C4101: “sock”: 未引用的局部变量
     1>d:\tobby lau\desktop\atm\amd\amd\change_p.cpp(60): warning C4101: “row”: 未引用的局部变量
     1>d:\tobby lau\desktop\atm\amd\amd\change_p.cpp(59): warning C4101: “result”: 未引用的局部变量
         AMDDlg.cpp
     1>d:\tobby lau\desktop\atm\amd\amd\resource.h(32): warning C4005: “IDCANCEL”: 宏重定义
                 c:\program files (x86)\windows kits\8.1\include\um\winuser.h(10563) : 参见“IDCANCEL”的前一个定义
         正在生成代码...
       Link:
         C:\Program Files (x86)\Microsoft Visual Studio 12.0\VC\bin\link.exe /ERRORREPORT:PROMPT /OUT:"D:\Tobby Lau\Desktop\ATM\AMD\Debug\ATM.exe" /INCREMENTAL /NOLOGO /LIBPATH:"D:\web\mysql-5.5.56-win32\lib" libmysql.lib /MANIFEST /MANIFESTUAC:"level='asInvoker' uiAccess='false'" /manifest:embed /manifestinput:"C:\Program Files (x86)\Microsoft Visual Studio 12.0\VC\Include\Manifest\dpiaware.manifest" /DEBUG /PDB:"D:\Tobby Lau\Desktop\ATM\AMD\Debug\ATM.pdb" /SUBSYSTEM:WINDOWS /TLBID:1 /ENTRY:"wWinMainCRTStartup" /DYNAMICBASE /NXCOMPAT /IMPLIB:"D:\Tobby Lau\Desktop\ATM\AMD\Debug\ATM.lib" /MACHINE:X86 Debug\AMD.res
         Debug\AMD.obj
         Debug\AMDDlg.obj
         Debug\Change_p.obj
         Debug\Functions.obj
         Debug\Look_up.obj
         Debug\Save_money.obj
         Debug\stdafx.obj
         Debug\Transfer_m.obj
         Debug\WithDraw.obj
         AMD.vcxproj -> D:\Tobby Lau\Desktop\ATM\AMD\Debug\ATM.exe
     1>已完成生成项目“D:\Tobby Lau\Desktop\ATM\AMD\AMD\AMD.vcxproj”(Build 个目标)的操作。

生成成功。

已用时间 00:00:10.45
