d:\tobby lau\desktop\atm\amd\amd\debug\amd.pch
d:\tobby lau\desktop\atm\amd\amd\debug\vc120.pdb
d:\tobby lau\desktop\atm\amd\amd\debug\vc120.idb
d:\tobby lau\desktop\atm\amd\amd\debug\stdafx.obj
d:\tobby lau\desktop\atm\amd\amd\debug\amd.obj
d:\tobby lau\desktop\atm\amd\amd\debug\amddlg.obj
d:\tobby lau\desktop\atm\amd\amd\debug\functions.obj
d:\tobby lau\desktop\atm\amd\amd\debug\amd.res
d:\tobby lau\desktop\atm\amd\debug\amd.pdb
d:\tobby lau\desktop\atm\amd\amd\debug\amd.tlog\cl.command.1.tlog
d:\tobby lau\desktop\atm\amd\amd\debug\amd.tlog\cl.read.1.tlog
d:\tobby lau\desktop\atm\amd\amd\debug\amd.tlog\cl.write.1.tlog
d:\tobby lau\desktop\atm\amd\amd\debug\amd.tlog\link-cvtres.read.1.tlog
d:\tobby lau\desktop\atm\amd\amd\debug\amd.tlog\link-cvtres.write.1.tlog
d:\tobby lau\desktop\atm\amd\amd\debug\amd.tlog\link-mt.read.1.tlog
d:\tobby lau\desktop\atm\amd\amd\debug\amd.tlog\link-mt.write.1.tlog
d:\tobby lau\desktop\atm\amd\amd\debug\amd.tlog\link-rc.read.1.tlog
d:\tobby lau\desktop\atm\amd\amd\debug\amd.tlog\link-rc.write.1.tlog
d:\tobby lau\desktop\atm\amd\amd\debug\amd.tlog\link.command.1.tlog
d:\tobby lau\desktop\atm\amd\amd\debug\amd.tlog\link.read.1.tlog
d:\tobby lau\desktop\atm\amd\amd\debug\amd.tlog\link.write.1.tlog
d:\tobby lau\desktop\atm\amd\amd\debug\amd.tlog\rc.command.1.tlog
d:\tobby lau\desktop\atm\amd\amd\debug\amd.tlog\rc.read.1.tlog
d:\tobby lau\desktop\atm\amd\amd\debug\amd.tlog\rc.write.1.tlog
